<?xml version="1.0" encoding="UTF-8"?>
<!-- Generated by org.testng.reporters.JUnitXMLReporter -->
<testsuite ignored="0" hostname="Aditis-MacBook-Pro.local" failures="0" tests="3" name="Test_Chrome" time="50.515" errors="0" timestamp="2024-12-26T10:47:32 IST">
  <testcase classname="TestCases.LoginDDT" name="Loginddt" time="19.546"/>
  <testcase classname="TestCases.LoginDDT" name="Loginddt" time="10.138"/>
  <testcase classname="TestCases.LoginDDT" name="Loginddt" time="9.136"/>
</testsuite> <!-- Test_Chrome -->
