<?xml version="1.0" encoding="UTF-8"?>
<!-- Generated by org.testng.reporters.JUnitXMLReporter -->
<testsuite ignored="0" hostname="Aditis-MacBook-Pro.local" failures="0" tests="3" name="Test_firefox" time="30.512" errors="0" timestamp="2024-12-26T10:48:03 IST">
  <testcase classname="TestCases.LoginDDT" name="Loginddt" time="5.052"/>
  <testcase classname="TestCases.LoginDDT" name="Loginddt" time="8.92"/>
  <testcase classname="TestCases.LoginDDT" name="Loginddt" time="8.888"/>
</testsuite> <!-- Test_firefox -->
